<?xml version="1.0" encoding="UTF-8"?>
<coverage generated="1607642487530" clover="3.2.0">
  <project timestamp="1607642487530" name="All files">
    <metrics statements="12" coveredstatements="10" conditionals="4" coveredconditionals="2" methods="5" coveredmethods="5" elements="21" coveredelements="17" complexity="0" loc="12" ncloc="12" packages="1" files="1" classes="1"/>
    <file name="graph.js" path="/Users/evgeniya/Desktop/computer-science/graph/src/graph.js">
      <metrics statements="12" coveredstatements="10" conditionals="4" coveredconditionals="2" methods="5" coveredmethods="5"/>
      <line num="3" count="6" type="stmt"/>
      <line num="7" count="6" type="stmt"/>
      <line num="11" count="1" type="cond" truecount="1" falsecount="1"/>
      <line num="12" count="1" type="stmt"/>
      <line num="14" count="0" type="stmt"/>
      <line num="18" count="1" type="stmt"/>
      <line num="19" count="1" type="stmt"/>
      <line num="20" count="1" type="stmt"/>
      <line num="21" count="1" type="stmt"/>
      <line num="25" count="1" type="cond" truecount="1" falsecount="1"/>
      <line num="26" count="0" type="stmt"/>
      <line num="28" count="1" type="stmt"/>
    </file>
  </project>
</coverage>
