{"/Users/evgeniya/Desktop/computer-science/graph/src/graph.js": {"path":"/Users/evgeniya/Desktop/computer-science/graph/src/graph.js","statementMap":{"0":{"start":{"line":3,"column":4},"end":{"line":3,"column":35}},"1":{"start":{"line":7,"column":4},"end":{"line":7,"column":44}},"2":{"start":{"line":11,"column":4},"end":{"line":13,"column":5}},"3":{"start":{"line":12,"column":6},"end":{"line":12,"column":18}},"4":{"start":{"line":14,"column":4},"end":{"line":14,"column":17}},"5":{"start":{"line":18,"column":15},"end":{"line":18,"column":44}},"6":{"start":{"line":19,"column":15},"end":{"line":19,"column":44}},"7":{"start":{"line":20,"column":4},"end":{"line":20,"column":20}},"8":{"start":{"line":21,"column":4},"end":{"line":21,"column":20}},"9":{"start":{"line":25,"column":4},"end":{"line":27,"column":5}},"10":{"start":{"line":26,"column":6},"end":{"line":26,"column":17}},"11":{"start":{"line":28,"column":4},"end":{"line":28,"column":17}},"12":{"start":{"line":32,"column":4},"end":{"line":32,"column":48}},"13":{"start":{"line":33,"column":4},"end":{"line":33,"column":48}},"14":{"start":{"line":37,"column":4},"end":{"line":42,"column":5}},"15":{"start":{"line":38,"column":6},"end":{"line":40,"column":9}},"16":{"start":{"line":39,"column":8},"end":{"line":39,"column":50}},"17":{"start":{"line":41,"column":6},"end":{"line":41,"column":38}},"18":{"start":{"line":46,"column":4},"end":{"line":48,"column":5}},"19":{"start":{"line":47,"column":6},"end":{"line":47,"column":19}},"20":{"start":{"line":49,"column":16},"end":{"line":49,"column":30}},"21":{"start":{"line":50,"column":25},"end":{"line":50,"column":34}},"22":{"start":{"line":51,"column":4},"end":{"line":64,"column":5}},"23":{"start":{"line":52,"column":26},"end":{"line":52,"column":39}},"24":{"start":{"line":53,"column":6},"end":{"line":63,"column":7}},"25":{"start":{"line":54,"column":8},"end":{"line":54,"column":20}},"26":{"start":{"line":56,"column":8},"end":{"line":56,"column":40}},"27":{"start":{"line":57,"column":30},"end":{"line":57,"column":65}},"28":{"start":{"line":58,"column":8},"end":{"line":62,"column":11}},"29":{"start":{"line":59,"column":10},"end":{"line":61,"column":11}},"30":{"start":{"line":60,"column":12},"end":{"line":60,"column":32}},"31":{"start":{"line":65,"column":4},"end":{"line":65,"column":17}},"32":{"start":{"line":69,"column":4},"end":{"line":71,"column":5}},"33":{"start":{"line":70,"column":6},"end":{"line":70,"column":19}},"34":{"start":{"line":72,"column":16},"end":{"line":72,"column":30}},"35":{"start":{"line":73,"column":25},"end":{"line":73,"column":34}},"36":{"start":{"line":74,"column":4},"end":{"line":87,"column":5}},"37":{"start":{"line":75,"column":26},"end":{"line":75,"column":39}},"38":{"start":{"line":76,"column":6},"end":{"line":86,"column":7}},"39":{"start":{"line":77,"column":8},"end":{"line":77,"column":20}},"40":{"start":{"line":79,"column":8},"end":{"line":79,"column":40}},"41":{"start":{"line":80,"column":30},"end":{"line":80,"column":65}},"42":{"start":{"line":81,"column":8},"end":{"line":85,"column":11}},"43":{"start":{"line":82,"column":10},"end":{"line":84,"column":11}},"44":{"start":{"line":83,"column":12},"end":{"line":83,"column":29}},"45":{"start":{"line":88,"column":4},"end":{"line":88,"column":17}}},"fnMap":{"0":{"name":"(anonymous_0)","decl":{"start":{"line":2,"column":2},"end":{"line":2,"column":3}},"loc":{"start":{"line":2,"column":16},"end":{"line":4,"column":3}},"line":2},"1":{"name":"(anonymous_1)","decl":{"start":{"line":6,"column":2},"end":{"line":6,"column":3}},"loc":{"start":{"line":6,"column":16},"end":{"line":8,"column":3}},"line":6},"2":{"name":"(anonymous_2)","decl":{"start":{"line":10,"column":2},"end":{"line":10,"column":3}},"loc":{"start":{"line":10,"column":16},"end":{"line":15,"column":3}},"line":10},"3":{"name":"(anonymous_3)","decl":{"start":{"line":17,"column":2},"end":{"line":17,"column":3}},"loc":{"start":{"line":17,"column":27},"end":{"line":22,"column":3}},"line":17},"4":{"name":"(anonymous_4)","decl":{"start":{"line":24,"column":2},"end":{"line":24,"column":3}},"loc":{"start":{"line":24,"column":24},"end":{"line":29,"column":3}},"line":24},"5":{"name":"(anonymous_5)","decl":{"start":{"line":31,"column":2},"end":{"line":31,"column":3}},"loc":{"start":{"line":31,"column":27},"end":{"line":34,"column":3}},"line":31},"6":{"name":"(anonymous_6)","decl":{"start":{"line":36,"column":2},"end":{"line":36,"column":3}},"loc":{"start":{"line":36,"column":19},"end":{"line":43,"column":3}},"line":36},"7":{"name":"(anonymous_7)","decl":{"start":{"line":38,"column":43},"end":{"line":38,"column":44}},"loc":{"start":{"line":38,"column":53},"end":{"line":40,"column":7}},"line":38},"8":{"name":"(anonymous_8)","decl":{"start":{"line":45,"column":2},"end":{"line":45,"column":3}},"loc":{"start":{"line":45,"column":48},"end":{"line":66,"column":3}},"line":45},"9":{"name":"(anonymous_9)","decl":{"start":{"line":58,"column":30},"end":{"line":58,"column":31}},"loc":{"start":{"line":58,"column":45},"end":{"line":62,"column":9}},"line":58},"10":{"name":"(anonymous_10)","decl":{"start":{"line":68,"column":2},"end":{"line":68,"column":3}},"loc":{"start":{"line":68,"column":50},"end":{"line":89,"column":3}},"line":68},"11":{"name":"(anonymous_11)","decl":{"start":{"line":81,"column":30},"end":{"line":81,"column":31}},"loc":{"start":{"line":81,"column":45},"end":{"line":85,"column":9}},"line":81}},"branchMap":{"0":{"loc":{"start":{"line":11,"column":4},"end":{"line":13,"column":5}},"type":"if","locations":[{"start":{"line":11,"column":4},"end":{"line":13,"column":5}},{"start":{"line":11,"column":4},"end":{"line":13,"column":5}}],"line":11},"1":{"loc":{"start":{"line":25,"column":4},"end":{"line":27,"column":5}},"type":"if","locations":[{"start":{"line":25,"column":4},"end":{"line":27,"column":5}},{"start":{"line":25,"column":4},"end":{"line":27,"column":5}}],"line":25},"2":{"loc":{"start":{"line":37,"column":4},"end":{"line":42,"column":5}},"type":"if","locations":[{"start":{"line":37,"column":4},"end":{"line":42,"column":5}},{"start":{"line":37,"column":4},"end":{"line":42,"column":5}}],"line":37},"3":{"loc":{"start":{"line":46,"column":4},"end":{"line":48,"column":5}},"type":"if","locations":[{"start":{"line":46,"column":4},"end":{"line":48,"column":5}},{"start":{"line":46,"column":4},"end":{"line":48,"column":5}}],"line":46},"4":{"loc":{"start":{"line":46,"column":8},"end":{"line":46,"column":88}},"type":"binary-expr","locations":[{"start":{"line":46,"column":9},"end":{"line":46,"column":46}},{"start":{"line":46,"column":52},"end":{"line":46,"column":87}}],"line":46},"5":{"loc":{"start":{"line":53,"column":6},"end":{"line":63,"column":7}},"type":"if","locations":[{"start":{"line":53,"column":6},"end":{"line":63,"column":7}},{"start":{"line":53,"column":6},"end":{"line":63,"column":7}}],"line":53},"6":{"loc":{"start":{"line":59,"column":10},"end":{"line":61,"column":11}},"type":"if","locations":[{"start":{"line":59,"column":10},"end":{"line":61,"column":11}},{"start":{"line":59,"column":10},"end":{"line":61,"column":11}}],"line":59},"7":{"loc":{"start":{"line":69,"column":4},"end":{"line":71,"column":5}},"type":"if","locations":[{"start":{"line":69,"column":4},"end":{"line":71,"column":5}},{"start":{"line":69,"column":4},"end":{"line":71,"column":5}}],"line":69},"8":{"loc":{"start":{"line":69,"column":8},"end":{"line":69,"column":88}},"type":"binary-expr","locations":[{"start":{"line":69,"column":9},"end":{"line":69,"column":46}},{"start":{"line":69,"column":52},"end":{"line":69,"column":87}}],"line":69},"9":{"loc":{"start":{"line":76,"column":6},"end":{"line":86,"column":7}},"type":"if","locations":[{"start":{"line":76,"column":6},"end":{"line":86,"column":7}},{"start":{"line":76,"column":6},"end":{"line":86,"column":7}}],"line":76},"10":{"loc":{"start":{"line":82,"column":10},"end":{"line":84,"column":11}},"type":"if","locations":[{"start":{"line":82,"column":10},"end":{"line":84,"column":11}},{"start":{"line":82,"column":10},"end":{"line":84,"column":11}}],"line":82}},"s":{"0":10,"1":27,"2":2,"3":1,"4":1,"5":18,"6":18,"7":18,"8":18,"9":4,"10":0,"11":4,"12":1,"13":1,"14":1,"15":1,"16":2,"17":1,"18":4,"19":3,"20":1,"21":1,"22":1,"23":5,"24":5,"25":1,"26":4,"27":4,"28":4,"29":8,"30":5,"31":0,"32":4,"33":3,"34":1,"35":1,"36":1,"37":2,"38":2,"39":1,"40":1,"41":1,"42":1,"43":3,"44":3,"45":0},"f":{"0":10,"1":27,"2":2,"3":18,"4":4,"5":1,"6":1,"7":2,"8":4,"9":8,"10":4,"11":3},"b":{"0":[1,1],"1":[0,4],"2":[1,0],"3":[3,1],"4":[4,3],"5":[1,4],"6":[5,3],"7":[3,1],"8":[4,3],"9":[1,1],"10":[3,0]},"_coverageSchema":"43e27e138ebf9cfc5966b082cf9a028302ed4184","hash":"63fb0508667baeea8ff85835b97afef3ffa12c59"}
}
