TN:
SF:/Users/evgeniya/Desktop/computer-science/graph/src/graph.js
FN:2,(anonymous_0)
FN:6,(anonymous_1)
FN:10,(anonymous_2)
FN:17,(anonymous_3)
FN:24,(anonymous_4)
FN:31,(anonymous_5)
FN:36,(anonymous_6)
FN:38,(anonymous_7)
FNF:8
FNH:8
FNDA:8,(anonymous_0)
FNDA:11,(anonymous_1)
FNDA:2,(anonymous_2)
FNDA:4,(anonymous_3)
FNDA:4,(anonymous_4)
FNDA:1,(anonymous_5)
FNDA:1,(anonymous_6)
FNDA:2,(anonymous_7)
DA:3,8
DA:7,11
DA:11,2
DA:12,1
DA:14,1
DA:18,4
DA:19,4
DA:20,4
DA:21,4
DA:25,4
DA:26,0
DA:28,4
DA:32,1
DA:33,1
DA:37,1
DA:38,1
DA:39,2
DA:41,1
LF:18
LH:17
BRDA:11,0,0,1
BRDA:11,0,1,1
BRDA:25,1,0,0
BRDA:25,1,1,4
BRDA:37,2,0,1
BRDA:37,2,1,0
BRF:6
BRH:4
end_of_record
