TN:
SF:/Users/evgeniya/Desktop/computer-science/graph/src/graph.js
FN:2,(anonymous_0)
FN:6,(anonymous_1)
FN:10,(anonymous_2)
FN:17,(anonymous_3)
FN:24,(anonymous_4)
FN:31,(anonymous_5)
FN:36,(anonymous_6)
FN:38,(anonymous_7)
FN:45,(anonymous_8)
FN:58,(anonymous_9)
FN:68,(anonymous_10)
FN:81,(anonymous_11)
FNF:12
FNH:12
FNDA:10,(anonymous_0)
FNDA:27,(anonymous_1)
FNDA:2,(anonymous_2)
FNDA:18,(anonymous_3)
FNDA:4,(anonymous_4)
FNDA:1,(anonymous_5)
FNDA:1,(anonymous_6)
FNDA:2,(anonymous_7)
FNDA:4,(anonymous_8)
FNDA:8,(anonymous_9)
FNDA:4,(anonymous_10)
FNDA:3,(anonymous_11)
DA:3,10
DA:7,27
DA:11,2
DA:12,1
DA:14,1
DA:18,18
DA:19,18
DA:20,18
DA:21,18
DA:25,4
DA:26,0
DA:28,4
DA:32,1
DA:33,1
DA:37,1
DA:38,1
DA:39,2
DA:41,1
DA:46,4
DA:47,3
DA:49,1
DA:50,1
DA:51,1
DA:52,5
DA:53,5
DA:54,1
DA:56,4
DA:57,4
DA:58,4
DA:59,8
DA:60,5
DA:65,0
DA:69,4
DA:70,3
DA:72,1
DA:73,1
DA:74,1
DA:75,2
DA:76,2
DA:77,1
DA:79,1
DA:80,1
DA:81,1
DA:82,3
DA:83,3
DA:88,0
LF:46
LH:43
BRDA:11,0,0,1
BRDA:11,0,1,1
BRDA:25,1,0,0
BRDA:25,1,1,4
BRDA:37,2,0,1
BRDA:37,2,1,0
BRDA:46,3,0,3
BRDA:46,3,1,1
BRDA:46,4,0,4
BRDA:46,4,1,3
BRDA:53,5,0,1
BRDA:53,5,1,4
BRDA:59,6,0,5
BRDA:59,6,1,3
BRDA:69,7,0,3
BRDA:69,7,1,1
BRDA:69,8,0,4
BRDA:69,8,1,3
BRDA:76,9,0,1
BRDA:76,9,1,1
BRDA:82,10,0,3
BRDA:82,10,1,0
BRF:22
BRH:19
end_of_record
